<?xml version="1.0" encoding="UTF-8"?>
<!-- Generated by org.testng.reporters.JUnitReportReporter -->
<testsuite hostname="Hp" failures="0" tests="2" name="com.crm.qa.tests.LoginPageTest" time="21.964" errors="0" timestamp="2022-07-28T12:59:42 IST" skipped="0">
  <testcase classname="com.crm.qa.tests.LoginPageTest" name="loginPageTitleTest" time="11.676"/>
  <system-out/>
  <testcase classname="com.crm.qa.tests.LoginPageTest" name="loginTest" time="10.288"/>
  <system-out/>
</testsuite> <!-- com.crm.qa.tests.LoginPageTest -->
