<?xml version="1.0" encoding="UTF-8"?>
<!-- Generated by org.testng.reporters.JUnitReportReporter -->
<testsuite hostname="Hp" failures="0" tests="2" name="com.crm.qa.tests.DashboardPageTest" time="31.183" errors="0" timestamp="2022-07-29T09:32:36 IST" skipped="0">
  <testcase classname="com.crm.qa.tests.DashboardPageTest" name="loginTest" time="18.269"/>
  <system-out/>
  <testcase classname="com.crm.qa.tests.DashboardPageTest" name="signUpTest" time="12.914"/>
  <system-out/>
</testsuite> <!-- com.crm.qa.tests.DashboardPageTest -->
